

*******************************************************************************
Tue Mar  3 15:09:18 2015


FIT:    data read from "sensor_data.txt"
        format = z
        #datapoints = 58
        residuals are weighted equally (unit weight)

function used for fitting: f(x)
fitted parameters initialized with current variable values



 Iteration 0
 WSSR        : 1.65557e+06       delta(WSSR)/WSSR   : 0
 delta(WSSR) : 0                 limit for stopping : 1e-05
 lambda	  : 1

initial set of free parameter values

k               = 221.369

After 2 iterations the fit converged.
final sum of squares of residuals : 1.60779e+06
rel. change during last iteration : -8.53656e-06

degrees of freedom    (FIT_NDF)                        : 57
rms of residuals      (FIT_STDFIT) = sqrt(WSSR/ndf)    : 167.949
variance of residuals (reduced chisquare) = WSSR/ndf   : 28206.8

Final set of parameters            Asymptotic Standard Error
=======================            ==========================

k               = 250.07           +/- 22.05        (8.819%)


correlation matrix of the fit parameters:

               k      
k               1.000 


*******************************************************************************
Wed Mar  4 20:46:21 2015


FIT:    data read from "equation_startvalue_45.txt"
        format = z
        #datapoints = 52
        residuals are weighted equally (unit weight)

function used for fitting: f(x)
fitted parameters initialized with current variable values



 Iteration 0
 WSSR        : 0.00287494        delta(WSSR)/WSSR   : 0
 delta(WSSR) : 0                 limit for stopping : 1e-05
 lambda	  : 6.18354e-05

initial set of free parameter values

k               = 1

After 4 iterations the fit converged.
final sum of squares of residuals : 0.00246685
rel. change during last iteration : -8.41255e-06

degrees of freedom    (FIT_NDF)                        : 51
rms of residuals      (FIT_STDFIT) = sqrt(WSSR/ndf)    : 0.00695483
variance of residuals (reduced chisquare) = WSSR/ndf   : 4.83697e-05

Final set of parameters            Asymptotic Standard Error
=======================            ==========================

k               = 68.2439          +/- 41.53        (60.86%)


correlation matrix of the fit parameters:

               k      
k               1.000 


*******************************************************************************
Wed Mar  4 20:48:26 2015


FIT:    data read from "sensor_data.txt"
        format = z
        #datapoints = 58
        residuals are weighted equally (unit weight)

function used for fitting: f(x)
fitted parameters initialized with current variable values



 Iteration 0
 WSSR        : 5.23484e+06       delta(WSSR)/WSSR   : 0
 delta(WSSR) : 0                 limit for stopping : 1e-05
 lambda	  : 0.000662032

initial set of free parameter values

k               = 1

After 3 iterations the fit converged.
final sum of squares of residuals : 5.23429e+06
rel. change during last iteration : -1.12412e-06

degrees of freedom    (FIT_NDF)                        : 57
rms of residuals      (FIT_STDFIT) = sqrt(WSSR/ndf)    : 303.034
variance of residuals (reduced chisquare) = WSSR/ndf   : 91829.6

Final set of parameters            Asymptotic Standard Error
=======================            ==========================

k               = -13.2132         +/- 957.7        (7248%)


correlation matrix of the fit parameters:

               k      
k               1.000 


*******************************************************************************
Wed Mar  4 20:51:54 2015


FIT:    data read from "test.txt"
        format = z
        #datapoints = 52
        residuals are weighted equally (unit weight)

function used for fitting: f(x)
fitted parameters initialized with current variable values



 Iteration 0
 WSSR        : 3.71029e+06       delta(WSSR)/WSSR   : 0
 delta(WSSR) : 0                 limit for stopping : 1e-05
 lambda	  : 0.00022426

initial set of free parameter values

k               = -13.2132

After 1 iterations the fit converged.
final sum of squares of residuals : 3.71029e+06
rel. change during last iteration : -8.07077e-07

degrees of freedom    (FIT_NDF)                        : 51
rms of residuals      (FIT_STDFIT) = sqrt(WSSR/ndf)    : 269.723
variance of residuals (reduced chisquare) = WSSR/ndf   : 72750.7

Final set of parameters            Asymptotic Standard Error
=======================            ==========================

k               = -13.7556         +/- 1.622e+05    (1.179e+06%)


correlation matrix of the fit parameters:

               k      
k               1.000 


*******************************************************************************
Wed Mar  4 20:52:11 2015


FIT:    data read from "test.txt"
        format = z
        #datapoints = 52
        residuals are weighted equally (unit weight)

function used for fitting: f(x)
fitted parameters initialized with current variable values



 Iteration 0
 WSSR        : 3.71035e+06       delta(WSSR)/WSSR   : 0
 delta(WSSR) : 0                 limit for stopping : 1e-05
 lambda	  : 0.000124206

initial set of free parameter values

k               = 1

After 1 iterations the fit converged.
final sum of squares of residuals : 3.71035e+06
rel. change during last iteration : -9.19306e-07

degrees of freedom    (FIT_NDF)                        : 51
rms of residuals      (FIT_STDFIT) = sqrt(WSSR/ndf)    : 269.726
variance of residuals (reduced chisquare) = WSSR/ndf   : 72751.9

Final set of parameters            Asymptotic Standard Error
=======================            ==========================

k               = -0.0427763       +/- 2.904e+05    (6.789e+08%)


correlation matrix of the fit parameters:

               k      
k               1.000 


*******************************************************************************
Wed Mar  4 21:08:26 2015


FIT:    data read from "test.txt" using 2:1
        format = x:z
        #datapoints = 52
        residuals are weighted equally (unit weight)

function used for fitting: f(x)
fitted parameters initialized with current variable values



*******************************************************************************
Wed Mar  4 21:08:36 2015


FIT:    data read from "test.txt" using 2:1
        format = x:z
        #datapoints = 52
        residuals are weighted equally (unit weight)

function used for fitting: f(x)
fitted parameters initialized with current variable values



 Iteration 0
 WSSR        : 1.85801e+06       delta(WSSR)/WSSR   : 0
 delta(WSSR) : 0                 limit for stopping : 1e-05
 lambda	  : 0.577364

initial set of free parameter values

m               = 1
b               = 1
k               = 1

After 3 iterations the fit converged.
final sum of squares of residuals : 292825
rel. change during last iteration : -1.87332e-06

degrees of freedom    (FIT_NDF)                        : 49
rms of residuals      (FIT_STDFIT) = sqrt(WSSR/ndf)    : 77.3047
variance of residuals (reduced chisquare) = WSSR/ndf   : 5976.02

Final set of parameters            Asymptotic Standard Error
=======================            ==========================

m               = -288.408         +/- 1.41e+09     (4.888e+08%)
b               = -2.71384         +/- 1.059e+11    (3.901e+12%)
k               = -172.499         +/- 48.44        (28.08%)


correlation matrix of the fit parameters:

               m      b      k      
m               1.000 
b              -0.978  1.000 
k              -0.939  0.865  1.000 
