

*******************************************************************************
Sat Mar 14 10:33:19 2015


FIT:    data read from "filtred_data.txt"
        format = z
        #datapoints = 60
        residuals are weighted equally (unit weight)

function used for fitting: f(x)
fitted parameters initialized with current variable values



 Iteration 0
 WSSR        : 4.96484e+06       delta(WSSR)/WSSR   : 0
 delta(WSSR) : 0                 limit for stopping : 1e-05
 lambda	  : 0.00379705

initial set of free parameter values

k               = 1

After 3 iterations the fit converged.
final sum of squares of residuals : 4.9646e+06
rel. change during last iteration : -1.29974e-06

degrees of freedom    (FIT_NDF)                        : 59
rms of residuals      (FIT_STDFIT) = sqrt(WSSR/ndf)    : 290.079
variance of residuals (reduced chisquare) = WSSR/ndf   : 84145.7

Final set of parameters            Asymptotic Standard Error
=======================            ==========================

k               = -2.44286         +/- 1880         (7.697e+04%)


correlation matrix of the fit parameters:

               k      
k               1.000 


*******************************************************************************
Sat Mar 14 12:34:23 2015


FIT:    data read from "filtred_data.txt"
        format = z
        #datapoints = 60
        residuals are weighted equally (unit weight)

function used for fitting: f(x)
fitted parameters initialized with current variable values



 Iteration 0
 WSSR        : 4.96484e+06       delta(WSSR)/WSSR   : 0
 delta(WSSR) : 0                 limit for stopping : 1e-05
 lambda	  : 0.00379705

initial set of free parameter values

k               = 1

After 3 iterations the fit converged.
final sum of squares of residuals : 4.9646e+06
rel. change during last iteration : -1.29974e-06

degrees of freedom    (FIT_NDF)                        : 59
rms of residuals      (FIT_STDFIT) = sqrt(WSSR/ndf)    : 290.079
variance of residuals (reduced chisquare) = WSSR/ndf   : 84145.7

Final set of parameters            Asymptotic Standard Error
=======================            ==========================

k               = -2.44286         +/- 1880         (7.697e+04%)


correlation matrix of the fit parameters:

               k      
k               1.000 


*******************************************************************************
Sat Mar 14 12:36:10 2015


FIT:    data read from "filtred_data.txt"
        format = z
        #datapoints = 60
        residuals are weighted equally (unit weight)

function used for fitting: f(x)
fitted parameters initialized with current variable values



 Iteration 0
 WSSR        : 4.93636e+06       delta(WSSR)/WSSR   : 0
 delta(WSSR) : 0                 limit for stopping : 1e-05
 lambda	  : 0.707112

initial set of free parameter values

k               = 1
b               = 1

The maximum lambda = 1.000000e+20 was exceeded. Fit stopped.
final sum of squares of residuals : 1.48611e+06
rel. change during last iteration : 0

degrees of freedom    (FIT_NDF)                        : 58
rms of residuals      (FIT_STDFIT) = sqrt(WSSR/ndf)    : 160.071
variance of residuals (reduced chisquare) = WSSR/ndf   : 25622.6

Final set of parameters            Asymptotic Standard Error
=======================            ==========================

k               = -24.9914         +/- 0.02275      (0.09102%)
b               = 236.771          +/- 20.84        (8.801%)


correlation matrix of the fit parameters:

               k      b      
k               1.000 
b              -0.129  1.000 


*******************************************************************************
Sat Mar 14 12:36:48 2015


FIT:    data read from "filtred_data.txt"
        format = z
        #datapoints = 60
        residuals are weighted equally (unit weight)

function used for fitting: f(x)
fitted parameters initialized with current variable values



*******************************************************************************
Sat Mar 14 12:37:00 2015


FIT:    data read from "filtred_data.txt"
        format = z
        #datapoints = 60
        residuals are weighted equally (unit weight)

function used for fitting: f(x)
fitted parameters initialized with current variable values



 Iteration 0
 WSSR        : 3.93974e+06       delta(WSSR)/WSSR   : 0
 delta(WSSR) : 0                 limit for stopping : 1e-05
 lambda	  : 559.405

initial set of free parameter values

a               = 1
b               = 1
c               = 1

After 427 iterations the fit converged.
final sum of squares of residuals : 2.27334e+06
rel. change during last iteration : -4.92001e-06

degrees of freedom    (FIT_NDF)                        : 57
rms of residuals      (FIT_STDFIT) = sqrt(WSSR/ndf)    : 199.708
variance of residuals (reduced chisquare) = WSSR/ndf   : 39883.2

Final set of parameters            Asymptotic Standard Error
=======================            ==========================

a               = 3.45719e+09      +/- 1.564e+11    (4524%)
b               = 1.91444e+09      +/- 1.848e+11    (9652%)
c               = 0.195509         +/- 0.3229       (165.2%)


correlation matrix of the fit parameters:

               a      b      c      
a               1.000 
b              -0.608  1.000 
c              -1.000  0.601  1.000 


*******************************************************************************
Sat Mar 14 15:54:37 2015


FIT:    data read from "filtred_data.txt" using 1:2
        format = x:z
        #datapoints = 60
        residuals are weighted equally (unit weight)

function used for fitting: f(x)
fitted parameters initialized with current variable values



 Iteration 0
 WSSR        : 4.96484e+06       delta(WSSR)/WSSR   : 0
 delta(WSSR) : 0                 limit for stopping : 1e-05
 lambda	  : 0.00379705

initial set of free parameter values

k               = 1

After 3 iterations the fit converged.
final sum of squares of residuals : 4.9646e+06
rel. change during last iteration : -1.29974e-06

degrees of freedom    (FIT_NDF)                        : 59
rms of residuals      (FIT_STDFIT) = sqrt(WSSR/ndf)    : 290.079
variance of residuals (reduced chisquare) = WSSR/ndf   : 84145.7

Final set of parameters            Asymptotic Standard Error
=======================            ==========================

k               = -2.44286         +/- 1880         (7.697e+04%)


correlation matrix of the fit parameters:

               k      
k               1.000 


*******************************************************************************
Sat Mar 14 17:14:09 2015


FIT:    data read from "pokus.txt" using 1:2
        format = x:z
        #datapoints = 55
        residuals are weighted equally (unit weight)

function used for fitting: f(x)
fitted parameters initialized with current variable values



 Iteration 0
 WSSR        : 3.92574e+06       delta(WSSR)/WSSR   : 0
 delta(WSSR) : 0                 limit for stopping : 1e-05
 lambda	  : 0.000227003

initial set of free parameter values

k               = 1

After 1 iterations the fit converged.
final sum of squares of residuals : 3.92574e+06
rel. change during last iteration : -8.98315e-07

degrees of freedom    (FIT_NDF)                        : 54
rms of residuals      (FIT_STDFIT) = sqrt(WSSR/ndf)    : 269.627
variance of residuals (reduced chisquare) = WSSR/ndf   : 72698.8

Final set of parameters            Asymptotic Standard Error
=======================            ==========================

k               = 0.419029         +/- 1.553e+05    (3.707e+07%)


correlation matrix of the fit parameters:

               k      
k               1.000 


*******************************************************************************
Sat Mar 14 18:22:26 2015


FIT:    data read from "pokus2.txt"
        format = z
        #datapoints = 55
        residuals are weighted equally (unit weight)

function used for fitting: f(x)
fitted parameters initialized with current variable values



 Iteration 0
 WSSR        : 3.74586e+06       delta(WSSR)/WSSR   : 0
 delta(WSSR) : 0                 limit for stopping : 1e-05
 lambda	  : 0.000227003

initial set of free parameter values

k               = 1

The maximum lambda = 1.000000e+20 was exceeded. Fit stopped.
final sum of squares of residuals : 3.70098e+06
rel. change during last iteration : 0

degrees of freedom    (FIT_NDF)                        : 54
rms of residuals      (FIT_STDFIT) = sqrt(WSSR/ndf)    : 261.795
variance of residuals (reduced chisquare) = WSSR/ndf   : 68536.6

Final set of parameters            Asymptotic Standard Error
=======================            ==========================

k               = -54.9823         +/- 0.1726       (0.3139%)


correlation matrix of the fit parameters:

               k      
k               1.000 


*******************************************************************************
Sat Mar 14 18:25:34 2015


FIT:    data read from "pokus2.txt" using 1:2
        format = x:z
        #datapoints = 55
        residuals are weighted equally (unit weight)

function used for fitting: f(x)
fitted parameters initialized with current variable values



 Iteration 0
 WSSR        : 3.70098e+06       delta(WSSR)/WSSR   : 0
 delta(WSSR) : 0                 limit for stopping : 1e-05
 lambda	  : 204.513

initial set of free parameter values

k               = -54.9823

The maximum lambda = 1.000000e+20 was exceeded. Fit stopped.
final sum of squares of residuals : 3.70098e+06
rel. change during last iteration : 0

degrees of freedom    (FIT_NDF)                        : 54
rms of residuals      (FIT_STDFIT) = sqrt(WSSR/ndf)    : 261.795
variance of residuals (reduced chisquare) = WSSR/ndf   : 68536.6

Final set of parameters            Asymptotic Standard Error
=======================            ==========================

k               = -54.9823         +/- 0.1726       (0.3139%)


correlation matrix of the fit parameters:

               k      
k               1.000 


*******************************************************************************
Sat Mar 14 19:41:10 2015


FIT:    data read from "pokus2.txt"
        format = z
        #datapoints = 55
        residuals are weighted equally (unit weight)

function used for fitting: f(x)
fitted parameters initialized with current variable values



 Iteration 0
 WSSR        : 3.87045e+06       delta(WSSR)/WSSR   : 0
 delta(WSSR) : 0                 limit for stopping : 1e-05
 lambda	  : 0.000227003

initial set of free parameter values

k               = 1

After 1 iterations the fit converged.
final sum of squares of residuals : 3.87045e+06
rel. change during last iteration : -8.96407e-07

degrees of freedom    (FIT_NDF)                        : 54
rms of residuals      (FIT_STDFIT) = sqrt(WSSR/ndf)    : 267.722
variance of residuals (reduced chisquare) = WSSR/ndf   : 71674.9

Final set of parameters            Asymptotic Standard Error
=======================            ==========================

k               = 0.423714         +/- 1.543e+05    (3.641e+07%)


correlation matrix of the fit parameters:

               k      
k               1.000 
